<?xml version="1.0" encoding="UTF-8"?>
<testsuite name="jpabook.jpashop.JpashopApplicationTests" tests="1" skipped="0" failures="0" errors="0" timestamp="2022-12-21T06:11:37" hostname="HANMAIN" time="0.137">
  <properties/>
  <testcase name="contextLoads()" classname="jpabook.jpashop.JpashopApplicationTests" time="0.137"/>
  <system-out><![CDATA[15:11:32.608 [Test worker] DEBUG org.springframework.test.context.BootstrapUtils - Instantiating CacheAwareContextLoaderDelegate from class [org.springframework.test.context.cache.DefaultCacheAwareContextLoaderDelegate]
15:11:32.608 [Test worker] DEBUG org.springframework.test.context.BootstrapUtils - Instantiating BootstrapContext using constructor [public org.springframework.test.context.support.DefaultBootstrapContext(java.lang.Class,org.springframework.test.context.CacheAwareContextLoaderDelegate)]
15:11:32.609 [Test worker] DEBUG org.springframework.test.context.BootstrapUtils - Instantiating TestContextBootstrapper for test class [jpabook.jpashop.JpashopApplicationTests] from class [org.springframework.boot.test.context.SpringBootTestContextBootstrapper]
15:11:32.609 [Test worker] INFO org.springframework.boot.test.context.SpringBootTestContextBootstrapper - Neither @ContextConfiguration nor @ContextHierarchy found for test class [jpabook.jpashop.JpashopApplicationTests], using SpringBootContextLoader
15:11:32.610 [Test worker] DEBUG org.springframework.test.context.support.AbstractContextLoader - Did not detect default resource location for test class [jpabook.jpashop.JpashopApplicationTests]: class path resource [jpabook/jpashop/JpashopApplicationTests-context.xml] does not exist
15:11:32.611 [Test worker] DEBUG org.springframework.test.context.support.AbstractContextLoader - Did not detect default resource location for test class [jpabook.jpashop.JpashopApplicationTests]: class path resource [jpabook/jpashop/JpashopApplicationTestsContext.groovy] does not exist
15:11:32.611 [Test worker] INFO org.springframework.test.context.support.AbstractContextLoader - Could not detect default resource locations for test class [jpabook.jpashop.JpashopApplicationTests]: no resource found for suffixes {-context.xml, Context.groovy}.
15:11:32.611 [Test worker] INFO org.springframework.test.context.support.AnnotationConfigContextLoaderUtils - Could not detect default configuration classes for test class [jpabook.jpashop.JpashopApplicationTests]: JpashopApplicationTests does not declare any static, non-private, non-final, nested classes annotated with @Configuration.
15:11:32.613 [Test worker] DEBUG org.springframework.test.context.support.ActiveProfilesUtils - Could not find an 'annotation declaring class' for annotation type [org.springframework.test.context.ActiveProfiles] and class [jpabook.jpashop.JpashopApplicationTests]
15:11:32.614 [Test worker] INFO org.springframework.boot.test.context.SpringBootTestContextBootstrapper - Found @SpringBootConfiguration jpabook.jpashop.JpashopApplication for test class jpabook.jpashop.JpashopApplicationTests
15:11:32.617 [Test worker] DEBUG org.springframework.boot.test.context.SpringBootTestContextBootstrapper - @TestExecutionListeners is not present for class [jpabook.jpashop.JpashopApplicationTests]: using defaults.
15:11:32.617 [Test worker] INFO org.springframework.boot.test.context.SpringBootTestContextBootstrapper - Loaded default TestExecutionListener class names from location [META-INF/spring.factories]: [org.springframework.boot.test.autoconfigure.restdocs.RestDocsTestExecutionListener, org.springframework.boot.test.autoconfigure.web.client.MockRestServiceServerResetTestExecutionListener, org.springframework.boot.test.autoconfigure.web.servlet.MockMvcPrintOnlyOnFailureTestExecutionListener, org.springframework.boot.test.autoconfigure.web.servlet.WebDriverTestExecutionListener, org.springframework.boot.test.autoconfigure.webservices.client.MockWebServiceServerTestExecutionListener, org.springframework.boot.test.mock.mockito.MockitoTestExecutionListener, org.springframework.boot.test.mock.mockito.ResetMocksTestExecutionListener, org.springframework.test.context.web.ServletTestExecutionListener, org.springframework.test.context.support.DirtiesContextBeforeModesTestExecutionListener, org.springframework.test.context.support.DependencyInjectionTestExecutionListener, org.springframework.test.context.support.DirtiesContextTestExecutionListener, org.springframework.test.context.transaction.TransactionalTestExecutionListener, org.springframework.test.context.jdbc.SqlScriptsTestExecutionListener, org.springframework.test.context.event.EventPublishingTestExecutionListener]
15:11:32.617 [Test worker] INFO org.springframework.boot.test.context.SpringBootTestContextBootstrapper - Using TestExecutionListeners: [org.springframework.test.context.web.ServletTestExecutionListener@6826c41e, org.springframework.test.context.support.DirtiesContextBeforeModesTestExecutionListener@3003697, org.springframework.boot.test.mock.mockito.MockitoTestExecutionListener@64d43929, org.springframework.boot.test.autoconfigure.SpringBootDependencyInjectionTestExecutionListener@1d269ed7, org.springframework.test.context.support.DirtiesContextTestExecutionListener@437ebf59, org.springframework.test.context.transaction.TransactionalTestExecutionListener@41c89d2f, org.springframework.test.context.jdbc.SqlScriptsTestExecutionListener@410e94e, org.springframework.test.context.event.EventPublishingTestExecutionListener@2d691f3d, org.springframework.boot.test.autoconfigure.restdocs.RestDocsTestExecutionListener@1bdbf9be, org.springframework.boot.test.autoconfigure.web.client.MockRestServiceServerResetTestExecutionListener@1e7f2e0f, org.springframework.boot.test.autoconfigure.web.servlet.MockMvcPrintOnlyOnFailureTestExecutionListener@1da6ee17, org.springframework.boot.test.autoconfigure.web.servlet.WebDriverTestExecutionListener@78d39a69, org.springframework.boot.test.autoconfigure.webservices.client.MockWebServiceServerTestExecutionListener@3c818ac4, org.springframework.boot.test.mock.mockito.ResetMocksTestExecutionListener@5b69d40d]
15:11:32.621 [Test worker] DEBUG org.springframework.test.context.support.AbstractDirtiesContextTestExecutionListener - Before test class: context [DefaultTestContext@4a325eb9 testClass = JpashopApplicationTests, testInstance = [null], testMethod = [null], testException = [null], mergedContextConfiguration = [WebMergedContextConfiguration@3dedb4a6 testClass = JpashopApplicationTests, locations = '{}', classes = '{class jpabook.jpashop.JpashopApplication}', contextInitializerClasses = '[]', activeProfiles = '{}', propertySourceLocations = '{}', propertySourceProperties = '{org.springframework.boot.test.context.SpringBootTestContextBootstrapper=true}', contextCustomizers = set[org.springframework.boot.test.autoconfigure.actuate.metrics.MetricsExportContextCustomizerFactory$DisableMetricExportContextCustomizer@1af146, org.springframework.boot.test.autoconfigure.properties.PropertyMappingContextCustomizer@0, org.springframework.boot.test.autoconfigure.web.servlet.WebDriverContextCustomizerFactory$Customizer@20a8a64e, org.springframework.boot.test.context.filter.ExcludeFilterContextCustomizer@65b3a85a, org.springframework.boot.test.json.DuplicateJsonObjectContextCustomizerFactory$DuplicateJsonObjectContextCustomizer@2b5825fa, org.springframework.boot.test.mock.mockito.MockitoContextCustomizer@0, org.springframework.boot.test.web.client.TestRestTemplateContextCustomizer@42f48531, org.springframework.boot.test.context.SpringBootTestArgs@1, org.springframework.boot.test.context.SpringBootTestWebEnvironment@31edaa7d], resourceBasePath = 'src/main/webapp', contextLoader = 'org.springframework.boot.test.context.SpringBootContextLoader', parent = [null]], attributes = map['org.springframework.test.context.web.ServletTestExecutionListener.activateListener' -> true]], class annotated with @DirtiesContext [false] with mode [null].
15:11:32.662 [Test worker] DEBUG org.springframework.test.context.support.TestPropertySourceUtils - Adding inlined properties to environment: {spring.jmx.enabled=false, org.springframework.boot.test.context.SpringBootTestContextBootstrapper=true}

  .   ____          _            __ _ _
 /\\ / ___'_ __ _ _(_)_ __  __ _ \ \ \ \
( ( )\___ | '_ | '_| | '_ \/ _` | \ \ \ \
 \\/  ___)| |_)| | | | | || (_| |  ) ) ) )
  '  |____| .__|_| |_|_| |_\__, | / / / /
 =========|_|==============|___/=/_/_/_/
 :: Spring Boot ::                (v2.4.1)

2022-12-21 15:11:33.081  INFO 22960 --- [    Test worker] jpabook.jpashop.JpashopApplicationTests  : Starting JpashopApplicationTests using Java 11.0.13 on HANmain with PID 22960 (started by dkxmp in C:\Users\dkxmp\Documents\GithubStore\study-spring-boot-jpa\jpashop)
2022-12-21 15:11:33.084  INFO 22960 --- [    Test worker] jpabook.jpashop.JpashopApplicationTests  : No active profile set, falling back to default profiles: default
2022-12-21 15:11:33.962  INFO 22960 --- [    Test worker] .s.d.r.c.RepositoryConfigurationDelegate : Bootstrapping Spring Data JPA repositories in DEFAULT mode.
2022-12-21 15:11:33.981  INFO 22960 --- [    Test worker] .s.d.r.c.RepositoryConfigurationDelegate : Finished Spring Data repository scanning in 9 ms. Found 0 JPA repository interfaces.
2022-12-21 15:11:34.683  INFO 22960 --- [    Test worker] o.hibernate.jpa.internal.util.LogHelper  : HHH000204: Processing PersistenceUnitInfo [name: default]
2022-12-21 15:11:34.793  INFO 22960 --- [    Test worker] org.hibernate.Version                    : HHH000412: Hibernate ORM core version 5.4.25.Final
2022-12-21 15:11:35.025  INFO 22960 --- [    Test worker] o.hibernate.annotations.common.Version   : HCANN000001: Hibernate Commons Annotations {5.1.2.Final}
2022-12-21 15:11:35.225  INFO 22960 --- [    Test worker] com.zaxxer.hikari.HikariDataSource       : HikariPool-1 - Starting...
2022-12-21 15:11:35.327  INFO 22960 --- [    Test worker] com.zaxxer.hikari.HikariDataSource       : HikariPool-1 - Start completed.
2022-12-21 15:11:35.381  INFO 22960 --- [    Test worker] org.hibernate.dialect.Dialect            : HHH000400: Using dialect: org.hibernate.dialect.H2Dialect
2022-12-21 15:11:36.184 DEBUG 22960 --- [    Test worker] org.hibernate.SQL                        : 
    
    drop table if exists member CASCADE 
Hibernate: 
    
    drop table if exists member CASCADE 
2022-12-21 15:11:36.186 DEBUG 22960 --- [    Test worker] org.hibernate.SQL                        : 
    
    drop sequence if exists hibernate_sequence
Hibernate: 
    
    drop sequence if exists hibernate_sequence
2022-12-21 15:11:36.190 DEBUG 22960 --- [    Test worker] org.hibernate.SQL                        : create sequence hibernate_sequence start with 1 increment by 1
Hibernate: create sequence hibernate_sequence start with 1 increment by 1
2022-12-21 15:11:36.191 DEBUG 22960 --- [    Test worker] org.hibernate.SQL                        : 
    
    create table member (
       id bigint not null,
        username varchar(255),
        primary key (id)
    )
Hibernate: 
    
    create table member (
       id bigint not null,
        username varchar(255),
        primary key (id)
    )
2022-12-21 15:11:36.194  INFO 22960 --- [    Test worker] o.h.e.t.j.p.i.JtaPlatformInitiator       : HHH000490: Using JtaPlatform implementation: [org.hibernate.engine.transaction.jta.platform.internal.NoJtaPlatform]
2022-12-21 15:11:36.205  INFO 22960 --- [    Test worker] j.LocalContainerEntityManagerFactoryBean : Initialized JPA EntityManagerFactory for persistence unit 'default'
2022-12-21 15:11:36.617  WARN 22960 --- [    Test worker] JpaBaseConfiguration$JpaWebConfiguration : spring.jpa.open-in-view is enabled by default. Therefore, database queries may be performed during view rendering. Explicitly configure spring.jpa.open-in-view to disable this warning
2022-12-21 15:11:36.933  INFO 22960 --- [    Test worker] o.s.s.concurrent.ThreadPoolTaskExecutor  : Initializing ExecutorService 'applicationTaskExecutor'
2022-12-21 15:11:37.111  INFO 22960 --- [    Test worker] o.s.b.a.w.s.WelcomePageHandlerMapping    : Adding welcome page: class path resource [static/index.html]
2022-12-21 15:11:37.626  INFO 22960 --- [    Test worker] jpabook.jpashop.JpashopApplicationTests  : Started JpashopApplicationTests in 4.955 seconds (JVM running for 6.637)
]]></system-out>
  <system-err><![CDATA[]]></system-err>
</testsuite>
